19:51:50 # Build of test unit 'callPthon' started...
19:51:50 - Build Step #0: BuildPreparation (ArtefactID: -1)
19:51:50 - ------------------------------------------------
19:51:50 - ============================== Build Step #0 finished ==============================
19:51:50 - Build Step #1: PreBuildEvent (ArtefactID: -1)
19:51:50 - ---------------------------------------------
19:51:50 - ============================== Build Step #1 finished ==============================
19:51:50 - Build Step #2: BuildTestSequenceDiagramDependencyTree (ArtefactID: -1)
19:51:50 - ----------------------------------------------------------------------
19:51:50 - Nothing to do (no Test Sequence Diagram Files)
19:51:50 - ============================== Build Step #2 finished ==============================
19:51:50 - Build Step #3: TraceArtefactIds (ArtefactID: -1)
19:51:50 - ------------------------------------------------
19:51:50 - Artefact IDs:
19:51:50 -   0 D:\ECU_Simulator\testPython\vTest\callPthon\py.cs
19:51:50 -   1 D:\ECU_Simulator\testPython\vTest\callPthon\PythonLib.dll
19:51:50 -   2 D:\ECU_Simulator\testPython\vTest\callPthon\NewFile1.vtt
19:51:50 - ============================== Build Step #3 finished ==============================
19:51:50 - Build Step #4: FuzzTestDetection (ArtefactID: -1)
19:51:50 - -------------------------------------------------
19:51:50 - ============================== Build Step #4 finished ==============================
19:51:50 - Build Step #5: ValidateTestUnit (ArtefactID: -1)
19:51:50 - ------------------------------------------------
19:51:50 # Checking test unit consistency
19:51:50 - ============================== Build Step #5 finished ==============================
19:51:50 - Build Step #6: BuildParameterTypeLibs (ArtefactID: -1)
19:51:50 - ------------------------------------------------------
19:51:50 - Output file: D:\ECU_Simulator\testPython\vTest\obj_csharp\bin_dote5tjfk28h\__TsoBuildFiles_\dote5tjfk28h_PA.dll
19:51:50 - Source files:
19:51:50 - D:\ECU_Simulator\testPython\vTest\obj_csharp\dote5tjfk28h=VP.vvarprop
19:51:50 - 'D:\ECU_Simulator\testPython\vTest\obj_csharp\bin_dote5tjfk28h\__TsoBuildFiles_\dote5tjfk28h_PA.dll' is up to date (regarding to dependencies in MAKE database)
19:51:50 - ============================== Build Step #6 finished ==============================
19:51:50 - Build Step #7: BuildCaplTypeLibs (ArtefactID: -1)
19:51:50 - -------------------------------------------------
19:51:50 - Output file: D:\ECU_Simulator\testPython\vTest\obj_csharp\bin_dote5tjfk28h\__TsoBuildFiles_\dote5tjfk28h_CA.dll
19:51:50 - Source files:
19:51:50 - 'D:\ECU_Simulator\testPython\vTest\obj_csharp\bin_dote5tjfk28h\__TsoBuildFiles_\dote5tjfk28h_CA.dll' is up to date (regarding to export table hash)
19:51:50 - ============================== Build Step #7 finished ==============================
19:51:50 - Build Step #8: BuildSysVarTypeLibs (ArtefactID: -1)
19:51:50 - ---------------------------------------------------
19:51:50 - Output file: D:\ECU_Simulator\testPython\vTest\obj_csharp\bin_dote5tjfk28h\__TsoBuildFiles_\7kfomlqqlvcs_TestSysVars.dll
19:51:50 - Source files:
19:51:50 - D:\ECU_Simulator\testPython\vTest\obj_csharp\7132th7v1i6v-MTSV
19:51:50 - 'D:\ECU_Simulator\testPython\vTest\obj_csharp\bin_dote5tjfk28h\__TsoBuildFiles_\7kfomlqqlvcs_TestSysVars.dll' is up to date (regarding to dependencies in MAKE database)
19:51:50 - ============================== Build Step #8 finished ==============================
19:51:50 - Build Step #9: BuildCoTypeLib (ArtefactID: -1)
19:51:50 - ----------------------------------------------
19:51:50 - Nothing to do (no C# documents and no .NET assemblies or no CO-Lib)
19:51:50 - ============================== Build Step #9 finished ==============================
19:51:50 - Build Step #10: ValidateCSharp (ArtefactID: -1)
19:51:50 - -----------------------------------------------
19:51:50 - 'D:\ECU_Simulator\testPython\vTest\obj_csharp\bin_dote5tjfk28h\__TsoBuildFiles_\callPthon.dll' is up to date (regarding to export table hash)
19:51:50 - 'D:\ECU_Simulator\testPython\vTest\obj_csharp\bin_dote5tjfk28h\__TsoBuildFiles_\callPthon.dll' is up to date (regarding to dependencies in MAKE database)
19:51:50 - ============================== Build Step #10 finished ==============================
19:51:50 - Build Step #11: ValidateTteFile (ArtefactID: 2)
19:51:50 - -----------------------------------------------
19:51:50 - 'D:\ECU_Simulator\testPython\vTest\callPthon\NewFile1.vtt' is up to date (regarding to export table hash)
19:51:50 - 'D:\ECU_Simulator\testPython\vTest\callPthon\NewFile1.vtt' is up to date (regarding to dependencies in MAKE database)
19:51:50 - ============================== Build Step #11 finished ==============================
19:51:50 - Build Step #12: ConditionalBuildAbort (ArtefactID: -1)
19:51:50 - ------------------------------------------------------
19:51:50 - All Validation succeeded - continue build.
19:51:50 - ============================== Build Step #12 finished ==============================
19:51:50 - Build Step #13: CollectNavigationInfo (ArtefactID: 2)
19:51:50 - -----------------------------------------------------
19:51:50 - ============================== Build Step #13 finished ==============================
19:51:50 - Build Step #14: CopyVttFile (ArtefactID: 2)
19:51:50 - -------------------------------------------
19:51:50 - Export table file 'D:\ECU_Simulator\testPython\vTest\obj_csharp\dote5tjfk28h~3-0.' not copied to 'D:\ECU_Simulator\testPython\vTest\obj_csharp\bin_dote5tjfk28h\__ExpTbl_\NewFile1.vtt.export.xml' because export tables have not changed
19:51:50 - Copied file 'D:\ECU_Simulator\testPython\vTest\callPthon\NewFile1.vtt' to 'D:\ECU_Simulator\testPython\vTest\obj_csharp\bin_dote5tjfk28h\NewFile1.vtt'
19:51:50 - ============================== Build Step #14 finished ==============================
19:51:50 - Build Step #15: MoveCSharpXmlDocumentation (ArtefactID: -1)
19:51:50 - -----------------------------------------------------------
19:51:50 - MoveCSharpXmlDocumentation: Skipped because option is deactivated
19:51:50 - ============================== Build Step #15 finished ==============================
19:51:50 - Build Step #16: CopyCSharpFile (ArtefactID: 0)
19:51:50 - ----------------------------------------------
19:51:50 - 'D:\ECU_Simulator\testPython\vTest\obj_csharp\bin_dote5tjfk28h\py.cs' is up to date (regarding to export table hash)
19:51:50 - 'D:\ECU_Simulator\testPython\vTest\obj_csharp\bin_dote5tjfk28h\py.cs' is up to date (regarding to dependencies in MAKE database)
19:51:50 - ============================== Build Step #16 finished ==============================
19:51:50 - Build Step #17: CopyCSharpFile (ArtefactID: 1)
19:51:50 - ----------------------------------------------
19:51:50 - 'D:\ECU_Simulator\testPython\vTest\obj_csharp\bin_dote5tjfk28h\PythonLib.dll' is up to date (regarding to export table hash)
19:51:50 - 'D:\ECU_Simulator\testPython\vTest\obj_csharp\bin_dote5tjfk28h\PythonLib.dll' is up to date (regarding to dependencies in MAKE database)
19:51:50 - ============================== Build Step #17 finished ==============================
19:51:50 - Build Step #18: ValidateTteFile (ArtefactID: 2)
19:51:50 - -----------------------------------------------
19:51:50 - ============================== Build Step #18 finished ==============================
19:51:50 - Build Step #19: ValidateIdUsage (ArtefactID: -1)
19:51:50 - ------------------------------------------------
19:51:50 - ============================== Build Step #19 finished ==============================
19:51:50 - Build Step #20: ExportTraceabilityMatrix (ArtefactID: -1)
19:51:50 - ---------------------------------------------------------
19:51:50 - ExportTraceabilityMatrix: Skipped because option is deactivated
19:51:50 - ============================== Build Step #20 finished ==============================
19:51:50 - Build Step #21: IncludeSources (ArtefactID: -1)
19:51:50 - -----------------------------------------------
19:51:50 - IncludeSources: Skipped because option is deactivated
19:51:50 - ============================== Build Step #21 finished ==============================
19:51:50 - Build Step #22: WriteSystemEnvironment (ArtefactID: -1)
19:51:50 - -------------------------------------------------------
19:51:50 - Copy merged Test System Variable file...
19:51:50 - Copy <7132th7v1i6v-MTSV> to D:\ECU_Simulator\testPython\vTest\obj_csharp\bin_dote5tjfk28h\TestSysVars.vsysvar
19:51:50 - 'D:\ECU_Simulator\testPython\vTest\obj_csharp\bin_dote5tjfk28h\TestSysVars.vsysvar' is up to date (regarding to dependencies in MAKE database)
19:51:50 - Add variant property file...
19:51:50 - No variant properties - nothing to do
19:51:50 - ============================== Build Step #22 finished ==============================
19:51:50 - Build Step #23: WriteTUProperties (ArtefactID: -1)
19:51:50 - --------------------------------------------------
19:51:50 - ============================== Build Step #23 finished ==============================
19:51:50 - Build Step #24: WriteTetEntries (ArtefactID: -1)
19:51:50 - ------------------------------------------------
19:51:50 - ============================== Build Step #24 finished ==============================
19:51:50 - Build Step #25: FuzzTestNodeLayer (ArtefactID: -1)
19:51:50 - --------------------------------------------------
19:51:50 - ============================== Build Step #25 finished ==============================
19:51:50 - Build Step #26: WriteManifest (ArtefactID: -1)
19:51:50 - ----------------------------------------------
19:51:50 - Writing manifest D:\ECU_Simulator\testPython\vTest\obj_csharp\bin_dote5tjfk28h\callPthon.vtumanifest
19:51:50 - ============================== Build Step #26 finished ==============================
19:51:50 - Build Step #31: RemoveOrphanedBuildArtfacts (ArtefactID: -1)
19:51:50 - ------------------------------------------------------------
19:51:50 - Removing orphaned build artefacts from the vtuexe's main folder...
19:51:50 - Nothing to do.
19:51:50 - ============================== Build Step #31 finished ==============================
19:51:50 - Build Step #27: WriteMetainfo (ArtefactID: -1)
19:51:50 - ----------------------------------------------
19:51:50 - BUILD TIME excluding ZIP/UNZIP (hours:minutes:seconds:milliseconds): 00:00:00:058
